<?xml version="1.0" encoding="UTF-8"?>
<TestRun id="83de6284-7cb7-40c0-90e0-d0dfd2d3cd0a" name="csb9132@PU8L7Y6FNN2 2020-05-20 21:12:19" runUser="VMS\csb9132" xmlns="http://microsoft.com/schemas/VisualStudio/TeamTest/2010">
  <TestSettings name="ConsoleAppCertUpdate" id="eb4788f7-9e59-4ee0-83ac-d2d2aac94127">
    <Description>These are default test settings for a local test run.</Description>
    <Deployment userDeploymentRoot="C:\jenkins\JenkinsTest" useDefaultDeploymentRoot="false" runDeploymentRoot="csb9132_PU8L7Y6FNN2 2020-05-20 21_12_19">
      <DeploymentItem filename="CertificateUpdateLibrary\InputData\" />
      <DeploymentItem filename="ConsoleAppCertUpdateToolTest\InputData\" />
    </Deployment>
    <Execution hostProcessPlatform="MSIL">
      <TestTypeSpecific>
        <UnitTestRunConfig testTypeId="13cdc9d9-ddb5-4fa4-a97d-d965ccfc6d4b">
          <AssemblyResolution>
            <TestDirectory useLoadContext="true" />
          </AssemblyResolution>
        </UnitTestRunConfig>
      </TestTypeSpecific>
      <AgentRule name="LocalMachineDefaultRole">
      </AgentRule>
    </Execution>
    <Properties />
  </TestSettings>
  <Times creation="2020-05-20T21:12:19.2707640+05:30" queuing="2020-05-20T21:12:20.1932865+05:30" start="2020-05-20T21:12:20.4372882+05:30" finish="2020-05-20T21:12:38.9674250+05:30" />
  <ResultSummary outcome="Warning">
    <Counters total="1" executed="1" passed="1" error="0" failed="0" timeout="0" aborted="0" inconclusive="0" passedButRunAborted="0" notRunnable="0" notExecuted="0" disconnected="0" warning="0" completed="0" inProgress="0" pending="0" />
    <RunInfos>
      <RunInfo computerName="PU8L7Y6FNN2" outcome="Warning" timestamp="2020-05-20T21:12:19.6777643+05:30">
        <Text>Warning: Test Run deployment issue: Failed to get the file for deployment item 'CertificateUpdateLibrary\InputData\' specified by the test settings: System.IO.DirectoryNotFoundException: Could not find a part of the path 'C:\Program Files (x86)\Microsoft Visual Studio 14.0\Common7\IDE\CertificateUpdateLibrary\InputData\'.</Text>
        <Exception>System.IO.DirectoryNotFoundException: Could not find a part of the path 'C:\Program Files (x86)\Microsoft Visual Studio 14.0\Common7\IDE\CertificateUpdateLibrary\InputData\'.
   at System.IO.__Error.WinIOError(Int32 errorCode, String maybeFullPath)
   at System.IO.File.GetAttributes(String path)
   at Microsoft.VisualStudio.TestTools.Common.SingleFileProvider.GetFilePaths()
   at Microsoft.VisualStudio.TestTools.TestManagement.DeploymentCoverageItem.GetFiles(TestRunConfiguration runConfig)
   at Microsoft.VisualStudio.TestTools.TestManagement.DeploymentManager.DoDeployment(TestRun run, FileCopyService fileCopyService)</Exception>
      </RunInfo>
      <RunInfo computerName="PU8L7Y6FNN2" outcome="Warning" timestamp="2020-05-20T21:12:19.6787649+05:30">
        <Text>Warning: Test Run deployment issue: Failed to get the file for deployment item 'ConsoleAppCertUpdateToolTest\InputData\' specified by the test settings: System.IO.DirectoryNotFoundException: Could not find a part of the path 'C:\Program Files (x86)\Microsoft Visual Studio 14.0\Common7\IDE\ConsoleAppCertUpdateToolTest\InputData\'.</Text>
        <Exception>System.IO.DirectoryNotFoundException: Could not find a part of the path 'C:\Program Files (x86)\Microsoft Visual Studio 14.0\Common7\IDE\ConsoleAppCertUpdateToolTest\InputData\'.
   at System.IO.__Error.WinIOError(Int32 errorCode, String maybeFullPath)
   at System.IO.File.GetAttributes(String path)
   at Microsoft.VisualStudio.TestTools.Common.SingleFileProvider.GetFilePaths()
   at Microsoft.VisualStudio.TestTools.TestManagement.DeploymentCoverageItem.GetFiles(TestRunConfiguration runConfig)
   at Microsoft.VisualStudio.TestTools.TestManagement.DeploymentManager.DoDeployment(TestRun run, FileCopyService fileCopyService)</Exception>
      </RunInfo>
    </RunInfos>
  </ResultSummary>
  <TestDefinitions>
    <UnitTest name="TestMethod1" storage="c:\jenkins\jenkinstest\jenkinstest\bin\debug\jenkinstest.dll" id="7fac7f56-e86a-7ed8-b027-4130b19e469e">
      <Execution id="88af57f3-836a-4442-8795-c16706a16e23" />
      <TestMethod codeBase="C:/jenkins/JenkinsTest/JenkinsTest/bin/Debug/JenkinsTest.DLL" adapterTypeName="Microsoft.VisualStudio.TestTools.TestTypes.Unit.UnitTestAdapter, Microsoft.VisualStudio.QualityTools.Tips.UnitTest.Adapter, Version=14.0.0.0, Culture=neutral, PublicKeyToken=b03f5f7f11d50a3a" className="JenkinsTest.UnitTest1, JenkinsTest, Version=1.0.0.0, Culture=neutral, PublicKeyToken=null" name="TestMethod1" />
    </UnitTest>
  </TestDefinitions>
  <TestLists>
    <TestList name="Results Not in a List" id="8c84fa94-04c1-424b-9868-57a2d4851a1d" />
    <TestList name="All Loaded Results" id="19431567-8539-422a-85d7-44ee4e166bda" />
  </TestLists>
  <TestEntries>
    <TestEntry testId="7fac7f56-e86a-7ed8-b027-4130b19e469e" executionId="88af57f3-836a-4442-8795-c16706a16e23" testListId="8c84fa94-04c1-424b-9868-57a2d4851a1d" />
  </TestEntries>
  <Results>
    <UnitTestResult executionId="88af57f3-836a-4442-8795-c16706a16e23" testId="7fac7f56-e86a-7ed8-b027-4130b19e469e" testName="TestMethod1" computerName="PU8L7Y6FNN2" duration="00:00:17.9702018" startTime="2020-05-20T21:12:20.5022912+05:30" endTime="2020-05-20T21:12:38.8644260+05:30" testType="13cdc9d9-ddb5-4fa4-a97d-d965ccfc6d4b" outcome="Passed" testListId="8c84fa94-04c1-424b-9868-57a2d4851a1d" relativeResultsDirectory="88af57f3-836a-4442-8795-c16706a16e23">
    </UnitTestResult>
  </Results>
</TestRun>